02-18 18:10 pyswallow.utils.reporter INFO     Swarm initialised successfully
02-18 18:10 pyswallow.utils.reporter DEBUG    Populations reset
02-18 18:10 pyswallow.utils.reporter DEBUG    Environment reset
02-18 18:10 pyswallow.utils.reporter DEBUG    Population initialised
02-18 18:10 pyswallow.utils.reporter INFO     Iteration 0	GBest Fitness = 59.844	GBest Position = [ 5.10418876 -5.72639865]
02-18 18:10 pyswallow.utils.reporter INFO     Iteration 1	GBest Fitness = 11.164	GBest Position = [-1.55827368  2.78134725]
02-18 18:10 pyswallow.utils.reporter INFO     Iteration 2	GBest Fitness = 11.164	GBest Position = [-1.55827368  2.78134725]
02-18 18:10 pyswallow.utils.reporter INFO     Iteration 3	GBest Fitness = 11.164	GBest Position = [-1.55827368  2.78134725]
02-18 18:10 pyswallow.utils.reporter INFO     Iteration 4	GBest Fitness = 11.164	GBest Position = [-1.55827368  2.78134725]
02-18 18:10 pyswallow.utils.reporter INFO     Iteration 5	GBest Fitness = 9.283	GBest Position = [ 2.26255344 -1.7786647 ]
02-18 18:10 pyswallow.utils.reporter INFO     Iteration 6	GBest Fitness = 4.573	GBest Position = [ 1.55737992 -1.07123225]
02-18 18:10 pyswallow.utils.reporter INFO     Iteration 7	GBest Fitness = 4.573	GBest Position = [ 1.55737992 -1.07123225]
02-18 18:10 pyswallow.utils.reporter INFO     Iteration 8	GBest Fitness = 4.573	GBest Position = [ 1.55737992 -1.07123225]
02-18 18:10 pyswallow.utils.reporter INFO     Iteration 9	GBest Fitness = 4.573	GBest Position = [ 1.55737992 -1.07123225]
02-18 18:10 pyswallow.utils.reporter INFO     Iteration 10	GBest Fitness = 1.604	GBest Position = [-0.47183626  0.61725928]
02-18 18:10 pyswallow.utils.reporter INFO     Iteration 11	GBest Fitness = 1.359	GBest Position = [ 0.43812222 -0.40918197]
02-18 18:10 pyswallow.utils.reporter INFO     Iteration 12	GBest Fitness = 1.359	GBest Position = [ 0.43812222 -0.40918197]
02-18 18:10 pyswallow.utils.reporter INFO     Iteration 13	GBest Fitness = 1.359	GBest Position = [ 0.43812222 -0.40918197]
02-18 18:10 pyswallow.utils.reporter INFO     Iteration 14	GBest Fitness = 1.246	GBest Position = [ 0.48491962 -0.10526287]
02-18 18:10 pyswallow.utils.reporter INFO     Iteration 15	GBest Fitness = 1.102	GBest Position = [ 0.09596573 -0.30472607]
02-18 18:10 pyswallow.utils.reporter INFO     Iteration 16	GBest Fitness = 1.102	GBest Position = [ 0.09596573 -0.30472607]
02-18 18:10 pyswallow.utils.reporter INFO     Iteration 17	GBest Fitness = 1.102	GBest Position = [ 0.09596573 -0.30472607]
02-18 18:10 pyswallow.utils.reporter INFO     Iteration 18	GBest Fitness = 1.102	GBest Position = [ 0.09596573 -0.30472607]
02-18 18:10 pyswallow.utils.reporter INFO     Iteration 19	GBest Fitness = 1.102	GBest Position = [ 0.09596573 -0.30472607]
02-18 18:10 pyswallow.utils.reporter INFO     Iteration 20	GBest Fitness = 1.102	GBest Position = [ 0.09596573 -0.30472607]
02-18 18:10 pyswallow.utils.reporter INFO     Iteration 21	GBest Fitness = 1.102	GBest Position = [ 0.09596573 -0.30472607]
02-18 18:10 pyswallow.utils.reporter INFO     Iteration 22	GBest Fitness = 1.010	GBest Position = [-0.08911459  0.04308603]
02-18 18:10 pyswallow.utils.reporter INFO     Iteration 23	GBest Fitness = 1.010	GBest Position = [-0.08911459  0.04308603]
02-18 18:10 pyswallow.utils.reporter INFO     Iteration 24	GBest Fitness = 1.010	GBest Position = [-0.08911459  0.04308603]
02-18 18:10 pyswallow.utils.reporter INFO     Iteration 25	GBest Fitness = 1.010	GBest Position = [-0.08911459  0.04308603]
02-18 18:10 pyswallow.utils.reporter INFO     Iteration 26	GBest Fitness = 1.010	GBest Position = [-0.08911459  0.04308603]
02-18 18:10 pyswallow.utils.reporter INFO     Iteration 27	GBest Fitness = 1.007	GBest Position = [ 0.01656397 -0.08129804]
02-18 18:10 pyswallow.utils.reporter INFO     Iteration 28	GBest Fitness = 1.007	GBest Position = [ 0.01656397 -0.08129804]
02-18 18:10 pyswallow.utils.reporter INFO     Iteration 29	GBest Fitness = 1.006	GBest Position = [-0.02965726  0.07021488]
02-18 18:10 pyswallow.utils.reporter INFO     Iteration 30	GBest Fitness = 1.006	GBest Position = [-0.02965726  0.07021488]
02-18 18:10 pyswallow.utils.reporter INFO     Iteration 31	GBest Fitness = 1.001	GBest Position = [-0.00512781  0.03624648]
02-18 18:10 pyswallow.utils.reporter INFO     Iteration 32	GBest Fitness = 1.001	GBest Position = [-0.00512781  0.03624648]
02-18 18:10 pyswallow.utils.reporter INFO     Iteration 33	GBest Fitness = 1.001	GBest Position = [-0.00512781  0.03624648]
02-18 18:10 pyswallow.utils.reporter INFO     Iteration 34	GBest Fitness = 1.001	GBest Position = [-0.00516587  0.03317649]
02-18 18:10 pyswallow.utils.reporter INFO     Iteration 35	GBest Fitness = 1.001	GBest Position = [-0.00516587  0.03317649]
02-18 18:10 pyswallow.utils.reporter INFO     Iteration 36	GBest Fitness = 1.000	GBest Position = [-0.02185909  0.00015529]
02-18 18:10 pyswallow.utils.reporter INFO     Iteration 37	GBest Fitness = 1.000	GBest Position = [-0.02185909  0.00015529]
02-18 18:10 pyswallow.utils.reporter INFO     Iteration 38	GBest Fitness = 1.000	GBest Position = [-0.02185909  0.00015529]
02-18 18:10 pyswallow.utils.reporter INFO     Iteration 39	GBest Fitness = 1.000	GBest Position = [-0.02185909  0.00015529]
02-18 18:10 pyswallow.utils.reporter INFO     Iteration 40	GBest Fitness = 1.000	GBest Position = [-0.02185909  0.00015529]
02-18 18:10 pyswallow.utils.reporter INFO     Iteration 41	GBest Fitness = 1.000	GBest Position = [-0.02185909  0.00015529]
02-18 18:10 pyswallow.utils.reporter INFO     Iteration 42	GBest Fitness = 1.000	GBest Position = [-0.02185909  0.00015529]
02-18 18:10 pyswallow.utils.reporter INFO     Iteration 43	GBest Fitness = 1.000	GBest Position = [-0.02185909  0.00015529]
02-18 18:10 pyswallow.utils.reporter INFO     Iteration 44	GBest Fitness = 1.000	GBest Position = [-0.02185909  0.00015529]
02-18 18:10 pyswallow.utils.reporter INFO     Iteration 45	GBest Fitness = 1.000	GBest Position = [-0.02185909  0.00015529]
02-18 18:10 pyswallow.utils.reporter INFO     Iteration 46	GBest Fitness = 1.000	GBest Position = [-0.02185909  0.00015529]
02-18 18:10 pyswallow.utils.reporter INFO     Iteration 47	GBest Fitness = 1.000	GBest Position = [-0.0147965   0.01326618]
02-18 18:10 pyswallow.utils.reporter INFO     Iteration 48	GBest Fitness = 1.000	GBest Position = [ 0.00402485 -0.00027164]
02-18 18:10 pyswallow.utils.reporter INFO     Iteration 49	GBest Fitness = 1.000	GBest Position = [ 0.00402485 -0.00027164]
02-18 18:10 pyswallow.utils.reporter INFO     Iteration 50	GBest Fitness = 1.000	GBest Position = [ 0.00402485 -0.00027164]
02-18 18:10 pyswallow.utils.reporter INFO     Iteration 51	GBest Fitness = 1.000	GBest Position = [ 0.00402485 -0.00027164]
02-18 18:10 pyswallow.utils.reporter INFO     Iteration 52	GBest Fitness = 1.000	GBest Position = [ 0.00402485 -0.00027164]
02-18 18:10 pyswallow.utils.reporter INFO     Iteration 53	GBest Fitness = 1.000	GBest Position = [ 0.00402485 -0.00027164]
02-18 18:10 pyswallow.utils.reporter INFO     Iteration 54	GBest Fitness = 1.000	GBest Position = [ 0.00402485 -0.00027164]
02-18 18:10 pyswallow.utils.reporter INFO     Iteration 55	GBest Fitness = 1.000	GBest Position = [-0.00195091  0.00236673]
02-18 18:10 pyswallow.utils.reporter INFO     Iteration 56	GBest Fitness = 1.000	GBest Position = [-0.00195091  0.00236673]
02-18 18:10 pyswallow.utils.reporter INFO     Iteration 57	GBest Fitness = 1.000	GBest Position = [ 0.00173573 -0.00174239]
02-18 18:10 pyswallow.utils.reporter INFO     Iteration 58	GBest Fitness = 1.000	GBest Position = [ 0.00173573 -0.00174239]
02-18 18:10 pyswallow.utils.reporter INFO     Iteration 59	GBest Fitness = 1.000	GBest Position = [ 0.00173573 -0.00174239]
02-18 18:10 pyswallow.utils.reporter INFO     Iteration 60	GBest Fitness = 1.000	GBest Position = [ 0.00153723 -0.0016865 ]
02-18 18:10 pyswallow.utils.reporter INFO     Iteration 61	GBest Fitness = 1.000	GBest Position = [ 0.00153723 -0.0016865 ]
02-18 18:10 pyswallow.utils.reporter INFO     Iteration 62	GBest Fitness = 1.000	GBest Position = [-1.39989046e-04  9.35555304e-05]
02-18 18:10 pyswallow.utils.reporter INFO     Iteration 63	GBest Fitness = 1.000	GBest Position = [-1.39989046e-04  9.35555304e-05]
02-18 18:10 pyswallow.utils.reporter INFO     Iteration 64	GBest Fitness = 1.000	GBest Position = [-1.39989046e-04  9.35555304e-05]
02-18 18:10 pyswallow.utils.reporter INFO     Iteration 65	GBest Fitness = 1.000	GBest Position = [-1.39989046e-04  9.35555304e-05]
02-18 18:10 pyswallow.utils.reporter INFO     Iteration 66	GBest Fitness = 1.000	GBest Position = [-1.39989046e-04  9.35555304e-05]
02-18 18:10 pyswallow.utils.reporter INFO     Iteration 67	GBest Fitness = 1.000	GBest Position = [-1.39989046e-04  9.35555304e-05]
02-18 18:10 pyswallow.utils.reporter INFO     Iteration 68	GBest Fitness = 1.000	GBest Position = [ 6.51565448e-05 -6.71151882e-05]
02-18 18:10 pyswallow.utils.reporter INFO     Iteration 69	GBest Fitness = 1.000	GBest Position = [ 6.51565448e-05 -6.71151882e-05]
02-18 18:10 pyswallow.utils.reporter INFO     Iteration 70	GBest Fitness = 1.000	GBest Position = [ 6.51565448e-05 -6.71151882e-05]
02-18 18:10 pyswallow.utils.reporter INFO     Iteration 71	GBest Fitness = 1.000	GBest Position = [ 6.51565448e-05 -6.71151882e-05]
02-18 18:10 pyswallow.utils.reporter INFO     Iteration 72	GBest Fitness = 1.000	GBest Position = [ 6.51565448e-05 -6.71151882e-05]
02-18 18:10 pyswallow.utils.reporter INFO     Iteration 73	GBest Fitness = 1.000	GBest Position = [ 6.51565448e-05 -6.71151882e-05]
02-18 18:10 pyswallow.utils.reporter INFO     Iteration 74	GBest Fitness = 1.000	GBest Position = [ 5.87905410e-05 -4.51945371e-05]
02-18 18:10 pyswallow.utils.reporter INFO     Iteration 75	GBest Fitness = 1.000	GBest Position = [ 5.87905410e-05 -4.51945371e-05]
02-18 18:10 pyswallow.utils.reporter INFO     Iteration 76	GBest Fitness = 1.000	GBest Position = [ 5.29420972e-05 -2.60850832e-05]
02-18 18:10 pyswallow.utils.reporter INFO     Iteration 77	GBest Fitness = 1.000	GBest Position = [ 3.12772767e-05 -2.90372551e-05]
02-18 18:10 pyswallow.utils.reporter INFO     Iteration 78	GBest Fitness = 1.000	GBest Position = [ 3.12772767e-05 -2.90372551e-05]
02-18 18:10 pyswallow.utils.reporter INFO     Iteration 79	GBest Fitness = 1.000	GBest Position = [ 3.12772767e-05 -2.90372551e-05]
02-18 18:10 pyswallow.utils.reporter INFO     Iteration 80	GBest Fitness = 1.000	GBest Position = [ 3.12772767e-05 -2.90372551e-05]
02-18 18:10 pyswallow.utils.reporter INFO     Iteration 81	GBest Fitness = 1.000	GBest Position = [-1.13884580e-05  1.00554166e-05]
02-18 18:10 pyswallow.utils.reporter INFO     Iteration 82	GBest Fitness = 1.000	GBest Position = [-1.13884580e-05  1.00554166e-05]
02-18 18:10 pyswallow.utils.reporter INFO     Iteration 83	GBest Fitness = 1.000	GBest Position = [-1.13884580e-05  1.00554166e-05]
02-18 18:10 pyswallow.utils.reporter INFO     Iteration 84	GBest Fitness = 1.000	GBest Position = [ 3.04587921e-06 -4.76681433e-06]
02-18 18:10 pyswallow.utils.reporter INFO     Iteration 85	GBest Fitness = 1.000	GBest Position = [ 3.04587921e-06 -4.76681433e-06]
02-18 18:10 pyswallow.utils.reporter INFO     Iteration 86	GBest Fitness = 1.000	GBest Position = [ 3.04587921e-06 -4.76681433e-06]
02-18 18:10 pyswallow.utils.reporter INFO     Iteration 87	GBest Fitness = 1.000	GBest Position = [ 3.04587921e-06 -4.76681433e-06]
02-18 18:10 pyswallow.utils.reporter INFO     Iteration 88	GBest Fitness = 1.000	GBest Position = [ 3.04587921e-06 -4.76681433e-06]
02-18 18:10 pyswallow.utils.reporter INFO     Iteration 89	GBest Fitness = 1.000	GBest Position = [ 3.04587921e-06 -4.76681433e-06]
02-18 18:10 pyswallow.utils.reporter INFO     Iteration 90	GBest Fitness = 1.000	GBest Position = [ 2.76868750e-06 -4.91312816e-06]
02-18 18:10 pyswallow.utils.reporter INFO     Iteration 91	GBest Fitness = 1.000	GBest Position = [ 2.76868750e-06 -4.91312816e-06]
02-18 18:10 pyswallow.utils.reporter INFO     Iteration 92	GBest Fitness = 1.000	GBest Position = [ 2.76868750e-06 -4.91312816e-06]
02-18 18:10 pyswallow.utils.reporter INFO     Iteration 93	GBest Fitness = 1.000	GBest Position = [ 1.14512358e-06 -4.00387801e-06]
02-18 18:10 pyswallow.utils.reporter INFO     Iteration 94	GBest Fitness = 1.000	GBest Position = [ 1.85622713e-07 -3.48835078e-06]
02-18 18:10 pyswallow.utils.reporter INFO     Iteration 95	GBest Fitness = 1.000	GBest Position = [ 1.85622713e-07 -3.48835078e-06]
02-18 18:10 pyswallow.utils.reporter INFO     Iteration 96	GBest Fitness = 1.000	GBest Position = [ 1.85622713e-07 -3.48835078e-06]
02-18 18:10 pyswallow.utils.reporter INFO     Iteration 97	GBest Fitness = 1.000	GBest Position = [ 1.85622713e-07 -3.48835078e-06]
02-18 18:10 pyswallow.utils.reporter INFO     Iteration 98	GBest Fitness = 1.000	GBest Position = [ 2.49592777e-06 -1.42073929e-06]
02-18 18:10 pyswallow.utils.reporter INFO     Iteration 99	GBest Fitness = 1.000	GBest Position = [ 2.49592777e-06 -1.42073929e-06]
